<?xml version="1.0" encoding="UTF-8"?>
<beans
        xmlns:xsi="http://www.w3.org/2001/XMLSchema-instance"
        xmlns="http://www.springframework.org/schema/beans"
        xmlns:context="http://www.springframework.org/schema/context"
        xmlns:jaxws="http://cxf.apache.org/jaxws"
        xsi:schemaLocation="
		http://www.springframework.org/schema/context http://www.springframework.org/schema/context/spring-context.xsd
		http://www.springframework.org/schema/beans http://www.springframework.org/schema/beans/spring-beans.xsd
		http://cxf.apache.org/jaxws http://cxf.apache.org/schemas/jaxws.xsd">

    <!-- imported from cxf-rt-core cxf.xml-->
    <!-- Importing these bean definitions into your Spring application context
    is the most common way to introduce CXF into your application. -->
    <import resource="classpath:META-INF/cxf/cxf.xml"/>

    <!-- Spring's component scan for identifying beans to be managed by the container. -->
    <context:component-scan base-package="com.conal.ryan.cxfdemo"/>

    <bean id="defaultOrdersEndpoint" class="com.conal.ryan.cxfdemo.endpoint.DefaultOrdersEndpoint" />

    <!-- CXF JAX-WS server configuration for integration testing
        Make sure the serviceClass is using the generated Orders Interface (i.e. 'com.ryan.conal...) -->
    <jaxws:server id="testOrdersServer"
                  address="http://localhost:9000/apache-cxf-jax-ws-demo/services/orders"
                  serviceBean="#defaultOrdersEndpoint"
                  serviceClass="com.ryan.conal.service.orders.Orders">
        <jaxws:inInterceptors>
            <ref bean="loggingInInterceptor" />
        </jaxws:inInterceptors>
        <jaxws:outInterceptors>
            <ref bean="loggingOutInterceptor" />
        </jaxws:outInterceptors>
    </jaxws:server>

    <!-- CXF JAX-WS client configuration for integration testing
        Make sure the serviceClass is using the generated Orders Interface (i.e. 'com.ryan.conal...) -->
    <jaxws:client id="testOrdersClient"
                  address="http://localhost:9000/apache-cxf-jax-ws-demo/services/orders"
                  serviceClass="com.ryan.conal.service.orders.Orders">
        <jaxws:inInterceptors>
            <ref bean="loggingInInterceptor" />
        </jaxws:inInterceptors>
        <jaxws:outInterceptors>
            <ref bean="loggingOutInterceptor" />
        </jaxws:outInterceptors>
    </jaxws:client>

    <!-- Logging interceptors to log inbound and outbound messages -->
    <bean id="loggingInInterceptor" class="org.apache.cxf.interceptor.LoggingInInterceptor" />
    <bean id="loggingOutInterceptor" class="org.apache.cxf.interceptor.LoggingOutInterceptor" />

</beans>